1727867475593	geckodriver	INFO	Listening on 127.0.0.1:51578
1727867478953	mozrunner::runner	INFO	Running command: "C:\\Program Files\\Mozilla Firefox\\firefox.exe" "--marionette" "--remote-debugging-port" "51579" "--remote-allow-hosts" "localhost" "-no-remote" "-profile" "C:\\Users\\HP\\AppData\\Local\\Temp\\rust_mozprofileA3ec5n"
console.warn: services.settings: Ignoring preference override of remote settings server
console.warn: services.settings: Allow by setting MOZ_REMOTE_SETTINGS_DEVTOOLS=1 in the environment
[GFX1]: Potential driver version mismatch ignored due to missing DLLs igd10umd64 v= and igd10iumd64 v=
Dynamically enable window occlusion 0
1727867483020	Marionette	INFO	Marionette enabled
1727867484916	Marionette	INFO	Listening on port 51590
Read port: 51590
WebDriver BiDi listening on ws://127.0.0.1:51579
[GFX1]: Potential driver version mismatch ignored due to missing DLLs igd10umd64 v= and igd10iumd64 v=
1727867485843	RemoteAgent	WARN	TLS certificate errors will be ignored for this session
[GFX1-]: Failed to get D3D11VideoDevice: 0x80004002
[GFX1-]: Handling webrender error 5
DevTools listening on ws://127.0.0.1:51579/devtools/browser/5aeb7f29-f266-4993-8773-808e2d22a904
JavaScript warning: https://static.cloudflareinsights.com/beacon.min.js/vcd15cbe7772f49c399c6a5babf22c1241717689176015, line 1: Script terminated by timeout at:
o@https://static.cloudflareinsights.com/beacon.min.js/vcd15cbe7772f49c399c6a5babf22c1241717689176015:1:18291
104/e.onLCP/</c<@https://static.cloudflareinsights.com/beacon.min.js/vcd15cbe7772f49c399c6a5babf22c1241717689176015:1:18393
104/T/<@https://static.cloudflareinsights.com/beacon.min.js/vcd15cbe7772f49c399c6a5babf22c1241717689176015:1:11636
t@https://static.cloudflareinsights.com/beacon.min.js/vcd15cbe7772f49c399c6a5babf22c1241717689176015:1:11507
c@https://www.nopcommerce.com/cdn-cgi/scripts/7d0fa10a/cloudflare-static/rocket-loader.min.js:1:9405

1727867582246	Marionette	INFO	Stopped listening on port 51590
Dynamically enable window occlusion 1
